<?xml version="1.0" encoding="UTF-8"?>
<testsuite xmlns:xsi="http://www.w3.org/2001/XMLSchema-instance" xsi:noNamespaceSchemaLocation="https://maven.apache.org/surefire/maven-surefire-plugin/xsd/surefire-test-report.xsd" name="com.thermometer.ThresholdTest" time="0" tests="5" errors="0" skipped="0" failures="0">
  <properties>
[...]
</properties>
  <testcase name="testIsReachedDirectionSensitiveIncreasing" classname="com.thermometer.ThresholdTest" time="0"/>
  <testcase name="testIsReachedDirectionSensitiveDecreasing" classname="com.thermometer.ThresholdTest" time="0"/>
  <testcase name="testIsReachedWithTolerance" classname="com.thermometer.ThresholdTest" time="0"/>
  <testcase name="testIsReachedNonDirectionSensitive" classname="com.thermometer.ThresholdTest" time="0"/>
  <testcase name="testNotifyObserver" classname="com.thermometer.ThresholdTest" time="0"/>
</testsuite>